<?xml version="1.0" encoding="UTF-8"?>
<testsuite xmlns:xsi="http://www.w3.org/2001/XMLSchema-instance" xsi:noNamespaceSchemaLocation="https://maven.apache.org/surefire/maven-surefire-plugin/xsd/surefire-test-report-3.0.xsd" version="3.0" name="TestLogin" time="0.052" tests="8" errors="0" skipped="0" failures="0">
  <properties>
[...]
</properties>
  <testcase name="testLoginEmptyUserId" classname="TestLogin" time="0.004"/>
  <testcase name="testLoginEmptyUserIdAndPassword" classname="TestLogin" time="0.0"/>
  <testcase name="testLoginWithUserIdAndValidPassword" classname="TestLogin" time="0.0"/>
  <testcase name="testLoginWithUserIdAndShortPassword" classname="TestLogin" time="0.0"/>
  <testcase name="testLoginEmptyPassword" classname="TestLogin" time="0.0"/>
  <testcase name="testLoginWhitespacePassword" classname="TestLogin" time="0.0"/>
  <testcase name="testLoginWhitespaceUserId" classname="TestLogin" time="0.0"/>
  <testcase name="testLoginWithUserIdAndLowerCasePass" classname="TestLogin" time="0.001"/>
</testsuite>